MyApplication3/app/build/intermediates/manifest_merge_blame_file/debug/manifest-merger-blame-debug-report.txt
1<?xml version="1.0" encoding="utf-8"?>
2<manifest xmlns:android="http://schemas.android.com/apk/res/android"
3    package="com.example.myapplication"
4    android:versionCode="1"
5    android:versionName="1.0" >
6
7    <uses-sdk
8        android:minSdkVersion="26"
8-->src\main\AndroidManifest.xml
9        android:targetSdkVersion="33" />
9-->src\main\AndroidManifest.xml
10
11    <!-- 添加网络权限 -->
12    <uses-permission android:name="android.permission.INTERNET" />
12-->src\main\AndroidManifest.xml:63:5-67
12-->src\main\AndroidManifest.xml:63:22-64
13    <uses-permission android:name="android.permission.ACCESS_NETWORK_STATE" />
13-->src\main\AndroidManifest.xml:64:5-79
13-->src\main\AndroidManifest.xml:64:22-76
14
15    <application
15-->src\main\AndroidManifest.xml:5:5-60:19
16        android:allowBackup="true"
16-->src\main\AndroidManifest.xml:6:9-35
17        android:appComponentFactory="androidx.core.app.CoreComponentFactory"
17-->[androidx.core:core:1.7.0] AndroidManifest.xml:24:18-86
18        android:dataExtractionRules="@xml/data_extraction_rules"
18-->src\main\AndroidManifest.xml:7:9-65
19        android:debuggable="true"
20        android:extractNativeLibs="false"
21        android:fullBackupContent="@xml/backup_rules"
21-->src\main\AndroidManifest.xml:8:9-54
22        android:icon="@mipmap/ic_launcher"
22-->src\main\AndroidManifest.xml:9:9-43
23        android:label="@string/app_name"
23-->src\main\AndroidManifest.xml:10:9-41
24        android:supportsRtl="true"
24-->src\main\AndroidManifest.xml:11:9-35
25        android:testOnly="true"
26        android:theme="@style/Theme.MyApplication" >
26-->src\main\AndroidManifest.xml:12:9-51
27        <activity android:name="com.example.myapplication.Main_user" >
27-->src\main\AndroidManifest.xml:14:9-16:20
27-->src\main\AndroidManifest.xml:15:13-38
28        </activity>
29        <activity
29-->src\main\AndroidManifest.xml:18:9-24:20
30            android:name="com.example.myapplication.sign_in"
30-->src\main\AndroidManifest.xml:20:13-36
31            android:label="Sign In"
31-->src\main\AndroidManifest.xml:21:13-36
32            android:parentActivityName="com.example.myapplication.log_in" >
32-->src\main\AndroidManifest.xml:19:13-49
33        </activity>
34        <activity
34-->src\main\AndroidManifest.xml:26:9-36:20
35            android:name="com.example.myapplication.log_in"
35-->src\main\AndroidManifest.xml:27:13-35
36            android:exported="true"
36-->src\main\AndroidManifest.xml:29:13-36
37            android:label="Log In" >
37-->src\main\AndroidManifest.xml:28:13-35
38            <intent-filter>
38-->src\main\AndroidManifest.xml:30:13-34:29
39                <action android:name="android.intent.action.MAIN" />
39-->src\main\AndroidManifest.xml:31:17-69
39-->src\main\AndroidManifest.xml:31:25-66
40
41                <category android:name="android.intent.category.LAUNCHER" />
41-->src\main\AndroidManifest.xml:33:17-77
41-->src\main\AndroidManifest.xml:33:27-74
42            </intent-filter>
43        </activity>
44        <activity android:name="com.example.myapplication.me" >
44-->src\main\AndroidManifest.xml:38:9-40:20
44-->src\main\AndroidManifest.xml:39:13-31
45        </activity>
46        <activity
46-->src\main\AndroidManifest.xml:42:9-45:20
47            android:name="com.example.myapplication.hospital_content"
47-->src\main\AndroidManifest.xml:43:13-45
48            android:parentActivityName="com.example.myapplication.Main_user" >
48-->src\main\AndroidManifest.xml:44:13-52
49        </activity>
50        <activity android:name="com.example.myapplication.Main_doctor" >
50-->src\main\AndroidManifest.xml:47:9-49:20
50-->src\main\AndroidManifest.xml:47:19-46
51        </activity>
52        <activity android:name="com.example.myapplication.hospital" >
52-->src\main\AndroidManifest.xml:51:9-53:20
52-->src\main\AndroidManifest.xml:51:19-43
53        </activity>
54        <activity android:name="com.example.myapplication.add_plan" >
54-->src\main\AndroidManifest.xml:55:9-57:20
54-->src\main\AndroidManifest.xml:55:19-43
55        </activity>
56
57        <provider
57-->[androidx.emoji2:emoji2:1.0.0] AndroidManifest.xml:26:9-34:20
58            android:name="androidx.startup.InitializationProvider"
58-->[androidx.emoji2:emoji2:1.0.0] AndroidManifest.xml:27:13-67
59            android:authorities="com.example.myapplication.androidx-startup"
59-->[androidx.emoji2:emoji2:1.0.0] AndroidManifest.xml:28:13-68
60            android:exported="false" >
60-->[androidx.emoji2:emoji2:1.0.0] AndroidManifest.xml:29:13-37
61            <meta-data
61-->[androidx.emoji2:emoji2:1.0.0] AndroidManifest.xml:31:13-33:52
62                android:name="androidx.emoji2.text.EmojiCompatInitializer"
62-->[androidx.emoji2:emoji2:1.0.0] AndroidManifest.xml:32:17-75
63                android:value="androidx.startup" />
63-->[androidx.emoji2:emoji2:1.0.0] AndroidManifest.xml:33:17-49
64            <meta-data
64-->[androidx.lifecycle:lifecycle-process:2.4.0] AndroidManifest.xml:31:13-33:52
65                android:name="androidx.lifecycle.ProcessLifecycleInitializer"
65-->[androidx.lifecycle:lifecycle-process:2.4.0] AndroidManifest.xml:32:17-78
66                android:value="androidx.startup" />
66-->[androidx.lifecycle:lifecycle-process:2.4.0] AndroidManifest.xml:33:17-49
67        </provider>
68    </application>
69
70</manifest>